Build started 08-11-2015 19:20:19.
     1>Project "C:\Users\Pinak\Documents\Visual Studio 2013\Projects\CG1-skeleton\CG1raytracer.vcxproj" on node 2 (Build target(s)).
     1>ClCompile:
         C:\Program Files (x86)\Microsoft Visual Studio 12.0\VC\bin\x86_amd64\CL.exe /c /I./include /Zi /nologo /W3 /WX- /Od /D _MBCS /Gm /EHsc /RTC1 /MDd /GS /fp:precise /Zc:wchar_t /Zc:forScope /Fo"x64\Debug\\" /Fd"x64\Debug\vc120.pdb" /Gd /TP /errorReport:prompt main\a_julia.cpp main\main.cpp
         main.cpp
         a_julia.cpp
         Generating Code...
       Link:
         C:\Program Files (x86)\Microsoft Visual Studio 12.0\VC\bin\x86_amd64\link.exe /ERRORREPORT:PROMPT /OUT:"C:\Users\Pinak\Documents\Visual Studio 2013\Projects\CG1-skeleton\x64\Debug\CG1raytracer.exe" /INCREMENTAL /NOLOGO SDL2.lib SDL2main.lib gdiplus.lib kernel32.lib user32.lib gdi32.lib winspool.lib comdlg32.lib advapi32.lib shell32.lib ole32.lib oleaut32.lib uuid.lib odbc32.lib odbccp32.lib /MANIFEST /MANIFESTUAC:"level='asInvoker' uiAccess='false'" /manifest:embed /DEBUG /PDB:"C:\Users\Pinak\Documents\Visual Studio 2013\Projects\CG1-skeleton\x64\Debug\CG1raytracer.pdb" /SUBSYSTEM:CONSOLE /TLBID:1 /DYNAMICBASE /NXCOMPAT /IMPLIB:"C:\Users\Pinak\Documents\Visual Studio 2013\Projects\CG1-skeleton\x64\Debug\CG1raytracer.lib" /MACHINE:X64 x64\Debug\color.obj
         x64\Debug\image.obj
         x64\Debug\julia.obj
         x64\Debug\point.obj
         x64\Debug\scalar.obj
         x64\Debug\vector.obj
         x64\Debug\a_julia.obj
         x64\Debug\a_cameras.obj
         x64\Debug\main.obj
         x64\Debug\orthographic.obj
         x64\Debug\perspective.obj
         x64\Debug\ray.obj
         x64\Debug\renderer.obj
         CG1raytracer.vcxproj -> C:\Users\Pinak\Documents\Visual Studio 2013\Projects\CG1-skeleton\x64\Debug\CG1raytracer.exe
     1>Done Building Project "C:\Users\Pinak\Documents\Visual Studio 2013\Projects\CG1-skeleton\CG1raytracer.vcxproj" (Build target(s)).

Build succeeded.

Time Elapsed 00:00:03.61
