c:\users\pinak\documents\visual studio 2013\projects\cg1-skeleton\x64\debug\vc120.pdb
c:\users\pinak\documents\visual studio 2013\projects\cg1-skeleton\x64\debug\vc120.idb
c:\users\pinak\documents\visual studio 2013\projects\cg1-skeleton\x64\debug\color.obj
c:\users\pinak\documents\visual studio 2013\projects\cg1-skeleton\x64\debug\image.obj
c:\users\pinak\documents\visual studio 2013\projects\cg1-skeleton\x64\debug\julia.obj
c:\users\pinak\documents\visual studio 2013\projects\cg1-skeleton\x64\debug\point.obj
c:\users\pinak\documents\visual studio 2013\projects\cg1-skeleton\x64\debug\scalar.obj
c:\users\pinak\documents\visual studio 2013\projects\cg1-skeleton\x64\debug\vector.obj
c:\users\pinak\documents\visual studio 2013\projects\cg1-skeleton\x64\debug\a_julia.obj
c:\users\pinak\documents\visual studio 2013\projects\cg1-skeleton\x64\debug\a_cameras.obj
c:\users\pinak\documents\visual studio 2013\projects\cg1-skeleton\x64\debug\main.obj
c:\users\pinak\documents\visual studio 2013\projects\cg1-skeleton\x64\debug\camera.obj
c:\users\pinak\documents\visual studio 2013\projects\cg1-skeleton\x64\debug\orthographic.obj
c:\users\pinak\documents\visual studio 2013\projects\cg1-skeleton\x64\debug\perspective.obj
c:\users\pinak\documents\visual studio 2013\projects\cg1-skeleton\x64\debug\ray.obj
c:\users\pinak\documents\visual studio 2013\projects\cg1-skeleton\x64\debug\renderer.obj
c:\users\pinak\documents\visual studio 2013\projects\cg1-skeleton\x64\debug\cg1raytracer.pdb
c:\users\pinak\documents\visual studio 2013\projects\cg1-skeleton\x64\debug\cg1raytracer.tlog\cl.command.1.tlog
c:\users\pinak\documents\visual studio 2013\projects\cg1-skeleton\x64\debug\cg1raytracer.tlog\cl.read.1.tlog
c:\users\pinak\documents\visual studio 2013\projects\cg1-skeleton\x64\debug\cg1raytracer.tlog\cl.write.1.tlog
c:\users\pinak\documents\visual studio 2013\projects\cg1-skeleton\x64\debug\cg1raytracer.tlog\link.command.1.tlog
c:\users\pinak\documents\visual studio 2013\projects\cg1-skeleton\x64\debug\cg1raytracer.tlog\link.read.1.tlog
c:\users\pinak\documents\visual studio 2013\projects\cg1-skeleton\x64\debug\cg1raytracer.tlog\link.write.1.tlog
